[debug] [2024-09-10T12:37:29.487Z] ----------------------------------------------------------------------
[debug] [2024-09-10T12:37:29.495Z] Command:       C:\Program Files\nodejs\node.exe C:\Users\hp\AppData\Roaming\npm\node_modules\firebase-tools\lib\bin\firebase.js emulators:start --only functions
[debug] [2024-09-10T12:37:29.496Z] CLI Version:   13.16.0
[debug] [2024-09-10T12:37:29.496Z] Platform:      win32
[debug] [2024-09-10T12:37:29.497Z] Node Version:  v20.15.1
[debug] [2024-09-10T12:37:29.497Z] Time:          Tue Sep 10 2024 07:37:29 GMT-0500 (Central Daylight Time)
[debug] [2024-09-10T12:37:29.497Z] ----------------------------------------------------------------------
[debug] 
[debug] [2024-09-10T12:37:29.752Z] > command requires scopes: ["email","openid","https://www.googleapis.com/auth/cloudplatformprojects.readonly","https://www.googleapis.com/auth/firebase","https://www.googleapis.com/auth/cloud-platform"]
[debug] [2024-09-10T12:37:29.753Z] > authorizing via signed-in user (teshie00001@gmail.com)
[info] i  emulators: Starting emulators: functions {"metadata":{"emulator":{"name":"hub"},"message":"Starting emulators: functions"}}
[debug] [2024-09-10T12:37:29.770Z] [logging] Logging Emulator only supports listening on one address (127.0.0.1). Not listening on ::1
[debug] [2024-09-10T12:37:29.771Z] assigned listening specs for emulators {"user":{"hub":[{"address":"127.0.0.1","family":"IPv4","port":4400},{"address":"::1","family":"IPv6","port":4400}],"ui":[{"address":"127.0.0.1","family":"IPv4","port":4000},{"address":"::1","family":"IPv6","port":4000}],"logging":[{"address":"127.0.0.1","family":"IPv4","port":4500}]},"metadata":{"message":"assigned listening specs for emulators"}}
[debug] [2024-09-10T12:37:29.782Z] [hub] writing locator at C:\Users\hp\AppData\Local\Temp\hub-e-clone-9f43d.json
[debug] [2024-09-10T12:37:29.820Z] [functions] Functions Emulator only supports listening on one address (127.0.0.1). Not listening on ::1
[debug] [2024-09-10T12:37:29.821Z] [eventarc] Eventarc Emulator only supports listening on one address (127.0.0.1). Not listening on ::1
[debug] [2024-09-10T12:37:29.821Z] [tasks] Cloud Tasks Emulator only supports listening on one address (127.0.0.1). Not listening on ::1
[debug] [2024-09-10T12:37:29.821Z] late-assigned ports for functions and eventarc emulators {"user":{"hub":[{"address":"127.0.0.1","family":"IPv4","port":4400},{"address":"::1","family":"IPv6","port":4400}],"ui":[{"address":"127.0.0.1","family":"IPv4","port":4000},{"address":"::1","family":"IPv6","port":4000}],"logging":[{"address":"127.0.0.1","family":"IPv4","port":4500}],"functions":[{"address":"127.0.0.1","family":"IPv4","port":5001}],"eventarc":[{"address":"127.0.0.1","family":"IPv4","port":9299}],"tasks":[{"address":"127.0.0.1","family":"IPv4","port":9499}]},"metadata":{"message":"late-assigned ports for functions and eventarc emulators"}}
[warn] !  functions: The following emulators are not running, calls to these services from the Functions emulator will affect production: auth, firestore, database, hosting, pubsub, storage, dataconnect {"metadata":{"emulator":{"name":"functions"},"message":"The following emulators are not running, calls to these services from the Functions emulator will affect production: \u001b[1mauth, firestore, database, hosting, pubsub, storage, dataconnect\u001b[22m"}}
[debug] [2024-09-10T12:37:29.880Z] defaultcredentials: writing to file C:\Users\hp\AppData\Roaming\firebase\teshie00001_gmail_com_application_default_credentials.json
[debug] [2024-09-10T12:37:29.887Z] Setting GAC to C:\Users\hp\AppData\Roaming\firebase\teshie00001_gmail_com_application_default_credentials.json {"metadata":{"emulator":{"name":"functions"},"message":"Setting GAC to C:\\Users\\hp\\AppData\\Roaming\\firebase\\teshie00001_gmail_com_application_default_credentials.json"}}
[debug] [2024-09-10T12:37:29.893Z] >>> [apiv2][query] GET https://firebase.googleapis.com/v1beta1/projects/e-clone-9f43d/adminSdkConfig [none]
[debug] [2024-09-10T12:37:30.637Z] <<< [apiv2][status] GET https://firebase.googleapis.com/v1beta1/projects/e-clone-9f43d/adminSdkConfig 200
[debug] [2024-09-10T12:37:30.638Z] <<< [apiv2][body] GET https://firebase.googleapis.com/v1beta1/projects/e-clone-9f43d/adminSdkConfig {"projectId":"e-clone-9f43d","storageBucket":"e-clone-9f43d.appspot.com"}
[debug] [2024-09-10T12:37:30.681Z] Ignoring unsupported arg: auto_download {"metadata":{"emulator":{"name":"ui"},"message":"Ignoring unsupported arg: auto_download"}}
[debug] [2024-09-10T12:37:30.681Z] Ignoring unsupported arg: port {"metadata":{"emulator":{"name":"ui"},"message":"Ignoring unsupported arg: port"}}
[debug] [2024-09-10T12:37:30.682Z] Starting Emulator UI with command {"binary":"node","args":["C:\\Users\\hp\\.cache\\firebase\\emulators\\ui-v1.13.0\\server\\server.mjs"],"optionalArgs":[],"joinArgs":false,"shell":false} {"metadata":{"emulator":{"name":"ui"},"message":"Starting Emulator UI with command {\"binary\":\"node\",\"args\":[\"C:\\\\Users\\\\hp\\\\.cache\\\\firebase\\\\emulators\\\\ui-v1.13.0\\\\server\\\\server.mjs\"],\"optionalArgs\":[],\"joinArgs\":false,\"shell\":false}"}}
[info] i  ui: Emulator UI logging to ui-debug.log {"metadata":{"emulator":{"name":"ui"},"message":"Emulator UI logging to \u001b[1mui-debug.log\u001b[22m"}}
[info] i  functions: Watching "C:\Users\hp\Desktop\general\Aaevang\phase-4\Amazon-clone\functions" for Cloud Functions... {"metadata":{"emulator":{"name":"functions"},"message":"Watching \"C:\\Users\\hp\\Desktop\\general\\Aaevang\\phase-4\\Amazon-clone\\functions\" for Cloud Functions..."}}
[debug] [2024-09-10T12:37:31.348Z] Validating nodejs source
[debug] [2024-09-10T12:37:32.893Z] > [functions] package.json contents: {
  "name": "functions",
  "description": "Cloud Functions for Firebase",
  "scripts": {
    "serve": "firebase emulators:start --only functions",
    "shell": "firebase functions:shell",
    "start": "npm run shell",
    "deploy": "firebase deploy --only functions",
    "logs": "firebase functions:log"
  },
  "engines": {
    "node": "18"
  },
  "main": "index.js",
  "dependencies": {
    "axios": "^1.7.7",
    "cors": "^2.8.5",
    "dotenv": "^16.4.5",
    "express": "^4.20.0",
    "firebase-admin": "^12.1.0",
    "firebase-functions": "^5.0.0",
    "stripe": "^16.10.0"
  },
  "devDependencies": {
    "firebase-functions-test": "^3.1.0"
  },
  "private": true
}
[debug] [2024-09-10T12:37:32.893Z] Building nodejs source
[debug] [2024-09-10T12:37:32.894Z] Failed to find version of module node: reached end of search path C:\Users\hp\Desktop\general\Aaevang\phase-4\Amazon-clone\functions\node_modules
[warn] !  functions: Your requested "node" version "18" doesn't match your global version "20". Using node@20 from host. 
[info] i  functions: Loaded environment variables from .env. 
[debug] [2024-09-10T12:37:32.905Z] Web / API server started at 127.0.0.1:4000
Web / API server started at ::1:4000
 {"metadata":{"emulator":{"name":"ui"},"message":"Web / API server started at 127.0.0.1:4000\nWeb / API server started at ::1:4000\n"}}
[debug] [2024-09-10T12:37:32.907Z] Could not find functions.yaml. Must use http discovery
[debug] [2024-09-10T12:37:32.922Z] Found firebase-functions binary at 'C:\Users\hp\Desktop\general\Aaevang\phase-4\Amazon-clone\functions\node_modules\.bin\firebase-functions'
[info] Serving at port 8841

[debug] [2024-09-10T12:37:33.780Z] Got response from /__/functions.yaml {"endpoints":{"api":{"availableMemoryMb":null,"timeoutSeconds":null,"minInstances":null,"maxInstances":null,"ingressSettings":null,"concurrency":null,"serviceAccountEmail":null,"vpc":null,"platform":"gcfv2","labels":{},"httpsTrigger":{},"entryPoint":"api"}},"specVersion":"v1alpha1","requiredAPIs":[],"extensions":{}}
[info] +  functions: Loaded functions definitions from source: api. {"metadata":{"emulator":{"name":"functions"},"message":"Loaded functions definitions from source: api."}}
[info] +  functions[us-central1-api]: http function initialized (http://127.0.0.1:5001/e-clone-9f43d/us-central1/api). {"metadata":{"emulator":{"name":"functions"},"message":"\u001b[1mhttp\u001b[22m function initialized (http://127.0.0.1:5001/e-clone-9f43d/us-central1/api)."}}
[info] 
┌─────────────────────────────────────────────────────────────┐
│ ✔  All emulators ready! It is now safe to connect your app. │
│ i  View Emulator UI at http://127.0.0.1:4000/               │
└─────────────────────────────────────────────────────────────┘

┌───────────┬────────────────┬─────────────────────────────────┐
│ Emulator  │ Host:Port      │ View in Emulator UI             │
├───────────┼────────────────┼─────────────────────────────────┤
│ Functions │ 127.0.0.1:5001 │ http://127.0.0.1:4000/functions │
└───────────┴────────────────┴─────────────────────────────────┘
  Emulator Hub running at 127.0.0.1:4400
  Other reserved ports: 4500

Issues? Report them at https://github.com/firebase/firebase-tools/issues and attach the *-debug.log files.
 
[debug] [2024-09-10T12:38:14.629Z] [work-queue] {"queuedWork":["/e-clone-9f43d/us-central1/api/payment/create-2024-09-10T12:38:14.629Z"],"queueLength":1,"runningWork":[],"workRunningCount":0}
[debug] [2024-09-10T12:38:14.630Z] [work-queue] {"queuedWork":[],"queueLength":0,"runningWork":["/e-clone-9f43d/us-central1/api/payment/create-2024-09-10T12:38:14.629Z"],"workRunningCount":1}
[debug] [2024-09-10T12:38:14.631Z] Accepted request POST /e-clone-9f43d/us-central1/api/payment/create?total=84.98 --> us-central1-api
[debug] [2024-09-10T12:38:14.638Z] [functions] Runtime ready! Sending request! {"metadata":{"emulator":{"name":"functions"},"message":"[functions] Runtime ready! Sending request!"}}
[debug] [2024-09-10T12:38:14.639Z] [functions] Got req.url=/e-clone-9f43d/us-central1/api/payment/create?total=84.98, mapping to path=/payment/create?total=84.98 {"metadata":{"emulator":{"name":"functions"},"message":"[functions] Got req.url=/e-clone-9f43d/us-central1/api/payment/create?total=84.98, mapping to path=/payment/create?total=84.98"}}
[info] i  functions: Loaded environment variables from .env. 
[debug] [2024-09-10T12:38:14.652Z] [worker-pool] addWorker(us-central1-api) {"metadata":{"emulator":{"name":"functions"},"message":"[worker-pool] addWorker(us-central1-api)"}}
[debug] [2024-09-10T12:38:14.653Z] [worker-pool] Adding worker with key us-central1-api, total=1 {"metadata":{"emulator":{"name":"functions"},"message":"[worker-pool] Adding worker with key us-central1-api, total=1"}}
[debug] [2024-09-10T12:38:16.702Z] [runtime-status] [13880] Resolved module firebase-admin {"declared":true,"installed":true,"version":"12.4.0","resolution":"C:\\Users\\hp\\Desktop\\general\\Aaevang\\phase-4\\Amazon-clone\\functions\\node_modules\\firebase-admin\\lib\\index.js"} {"metadata":{"emulator":{"name":"functions"},"function":{"name":"us-central1-api"},"extension":{},"message":"[runtime-status] [13880] Resolved module firebase-admin {\"declared\":true,\"installed\":true,\"version\":\"12.4.0\",\"resolution\":\"C:\\\\Users\\\\hp\\\\Desktop\\\\general\\\\Aaevang\\\\phase-4\\\\Amazon-clone\\\\functions\\\\node_modules\\\\firebase-admin\\\\lib\\\\index.js\"}"}}
[debug] [2024-09-10T12:38:16.704Z] [runtime-status] [13880] Resolved module firebase-functions {"declared":true,"installed":true,"version":"5.1.1","resolution":"C:\\Users\\hp\\Desktop\\general\\Aaevang\\phase-4\\Amazon-clone\\functions\\node_modules\\firebase-functions\\lib\\v1\\index.js"} {"metadata":{"emulator":{"name":"functions"},"function":{"name":"us-central1-api"},"extension":{},"message":"[runtime-status] [13880] Resolved module firebase-functions {\"declared\":true,\"installed\":true,\"version\":\"5.1.1\",\"resolution\":\"C:\\\\Users\\\\hp\\\\Desktop\\\\general\\\\Aaevang\\\\phase-4\\\\Amazon-clone\\\\functions\\\\node_modules\\\\firebase-functions\\\\lib\\\\v1\\\\index.js\"}"}}
[debug] [2024-09-10T12:38:16.705Z] [runtime-status] [13880] Outgoing network have been stubbed. [{"name":"http","status":"mocked"},{"name":"http","status":"mocked"},{"name":"https","status":"mocked"},{"name":"https","status":"mocked"},{"name":"net","status":"mocked"}] {"metadata":{"emulator":{"name":"functions"},"function":{"name":"us-central1-api"},"extension":{},"message":"[runtime-status] [13880] Outgoing network have been stubbed. [{\"name\":\"http\",\"status\":\"mocked\"},{\"name\":\"http\",\"status\":\"mocked\"},{\"name\":\"https\",\"status\":\"mocked\"},{\"name\":\"https\",\"status\":\"mocked\"},{\"name\":\"net\",\"status\":\"mocked\"}]"}}
[debug] [2024-09-10T12:38:16.706Z] [runtime-status] [13880] Resolved module firebase-functions {"declared":true,"installed":true,"version":"5.1.1","resolution":"C:\\Users\\hp\\Desktop\\general\\Aaevang\\phase-4\\Amazon-clone\\functions\\node_modules\\firebase-functions\\lib\\v1\\index.js"} {"metadata":{"emulator":{"name":"functions"},"function":{"name":"us-central1-api"},"extension":{},"message":"[runtime-status] [13880] Resolved module firebase-functions {\"declared\":true,\"installed\":true,\"version\":\"5.1.1\",\"resolution\":\"C:\\\\Users\\\\hp\\\\Desktop\\\\general\\\\Aaevang\\\\phase-4\\\\Amazon-clone\\\\functions\\\\node_modules\\\\firebase-functions\\\\lib\\\\v1\\\\index.js\"}"}}
[debug] [2024-09-10T12:38:17.120Z] [runtime-status] [13880] Checked functions.config() {"config":{}} {"metadata":{"emulator":{"name":"functions"},"function":{"name":"us-central1-api"},"extension":{},"message":"[runtime-status] [13880] Checked functions.config() {\"config\":{}}"}}
[debug] [2024-09-10T12:38:17.120Z] [runtime-status] [13880] firebase-functions has been stubbed. {"functionsResolution":{"declared":true,"installed":true,"version":"5.1.1","resolution":"C:\\Users\\hp\\Desktop\\general\\Aaevang\\phase-4\\Amazon-clone\\functions\\node_modules\\firebase-functions\\lib\\v1\\index.js"}} {"metadata":{"emulator":{"name":"functions"},"function":{"name":"us-central1-api"},"extension":{},"message":"[runtime-status] [13880] firebase-functions has been stubbed. {\"functionsResolution\":{\"declared\":true,\"installed\":true,\"version\":\"5.1.1\",\"resolution\":\"C:\\\\Users\\\\hp\\\\Desktop\\\\general\\\\Aaevang\\\\phase-4\\\\Amazon-clone\\\\functions\\\\node_modules\\\\firebase-functions\\\\lib\\\\v1\\\\index.js\"}}"}}
[debug] [2024-09-10T12:38:17.122Z] [runtime-status] [13880] Resolved module firebase-functions {"declared":true,"installed":true,"version":"5.1.1","resolution":"C:\\Users\\hp\\Desktop\\general\\Aaevang\\phase-4\\Amazon-clone\\functions\\node_modules\\firebase-functions\\lib\\v1\\index.js"} {"metadata":{"emulator":{"name":"functions"},"function":{"name":"us-central1-api"},"extension":{},"message":"[runtime-status] [13880] Resolved module firebase-functions {\"declared\":true,\"installed\":true,\"version\":\"5.1.1\",\"resolution\":\"C:\\\\Users\\\\hp\\\\Desktop\\\\general\\\\Aaevang\\\\phase-4\\\\Amazon-clone\\\\functions\\\\node_modules\\\\firebase-functions\\\\lib\\\\v1\\\\index.js\"}"}}
[debug] [2024-09-10T12:38:17.124Z] [runtime-status] [13880] Resolved module firebase-admin {"declared":true,"installed":true,"version":"12.4.0","resolution":"C:\\Users\\hp\\Desktop\\general\\Aaevang\\phase-4\\Amazon-clone\\functions\\node_modules\\firebase-admin\\lib\\index.js"} {"metadata":{"emulator":{"name":"functions"},"function":{"name":"us-central1-api"},"extension":{},"message":"[runtime-status] [13880] Resolved module firebase-admin {\"declared\":true,\"installed\":true,\"version\":\"12.4.0\",\"resolution\":\"C:\\\\Users\\\\hp\\\\Desktop\\\\general\\\\Aaevang\\\\phase-4\\\\Amazon-clone\\\\functions\\\\node_modules\\\\firebase-admin\\\\lib\\\\index.js\"}"}}
[debug] [2024-09-10T12:38:17.128Z] [runtime-status] [13880] Resolved module firebase-functions {"declared":true,"installed":true,"version":"5.1.1","resolution":"C:\\Users\\hp\\Desktop\\general\\Aaevang\\phase-4\\Amazon-clone\\functions\\node_modules\\firebase-functions\\lib\\v1\\index.js"} {"metadata":{"emulator":{"name":"functions"},"function":{"name":"us-central1-api"},"extension":{},"message":"[runtime-status] [13880] Resolved module firebase-functions {\"declared\":true,\"installed\":true,\"version\":\"5.1.1\",\"resolution\":\"C:\\\\Users\\\\hp\\\\Desktop\\\\general\\\\Aaevang\\\\phase-4\\\\Amazon-clone\\\\functions\\\\node_modules\\\\firebase-functions\\\\lib\\\\v1\\\\index.js\"}"}}
[debug] [2024-09-10T12:38:17.129Z] [runtime-status] [13880] firebase-admin has been stubbed. {"adminResolution":{"declared":true,"installed":true,"version":"12.4.0","resolution":"C:\\Users\\hp\\Desktop\\general\\Aaevang\\phase-4\\Amazon-clone\\functions\\node_modules\\firebase-admin\\lib\\index.js"}} {"metadata":{"emulator":{"name":"functions"},"function":{"name":"us-central1-api"},"extension":{},"message":"[runtime-status] [13880] firebase-admin has been stubbed. {\"adminResolution\":{\"declared\":true,\"installed\":true,\"version\":\"12.4.0\",\"resolution\":\"C:\\\\Users\\\\hp\\\\Desktop\\\\general\\\\Aaevang\\\\phase-4\\\\Amazon-clone\\\\functions\\\\node_modules\\\\firebase-admin\\\\lib\\\\index.js\"}}"}}
[debug] [2024-09-10T12:38:17.418Z] [runtime-status] [13880] Functions runtime initialized. {"cwd":"C:\\Users\\hp\\Desktop\\general\\Aaevang\\phase-4\\Amazon-clone\\functions","node_version":"20.15.1"} {"metadata":{"emulator":{"name":"functions"},"function":{"name":"us-central1-api"},"extension":{},"message":"[runtime-status] [13880] Functions runtime initialized. {\"cwd\":\"C:\\\\Users\\\\hp\\\\Desktop\\\\general\\\\Aaevang\\\\phase-4\\\\Amazon-clone\\\\functions\",\"node_version\":\"20.15.1\"}"}}
[debug] [2024-09-10T12:38:17.419Z] [runtime-status] [13880] Listening to port: \\?\pipe\fire_emu_488716bb320b1a9d {"metadata":{"emulator":{"name":"functions"},"function":{"name":"us-central1-api"},"extension":{},"message":"[runtime-status] [13880] Listening to port: \\\\?\\pipe\\fire_emu_488716bb320b1a9d"}}
[debug] [2024-09-10T12:38:17.512Z] [worker-us-central1-api-d057b418-436a-4366-861d-f1875655160a]: IDLE {"metadata":{"emulator":{"name":"functions"},"function":{"name":"us-central1-api"},"extension":{},"message":"[worker-us-central1-api-d057b418-436a-4366-861d-f1875655160a]: IDLE"}}
[debug] [2024-09-10T12:38:17.513Z] [worker-pool] submitRequest(triggerId=us-central1-api) {"metadata":{"emulator":{"name":"functions"},"message":"[worker-pool] submitRequest(triggerId=us-central1-api)"}}
[info] i  functions: Beginning execution of "us-central1-api" {"metadata":{"emulator":{"name":"functions"},"function":{"name":"us-central1-api"},"extension":{},"message":"Beginning execution of \"us-central1-api\""}}
[debug] [2024-09-10T12:38:17.515Z] [worker-us-central1-api-d057b418-436a-4366-861d-f1875655160a]: BUSY {"metadata":{"emulator":{"name":"functions"},"function":{"name":"us-central1-api"},"extension":{},"message":"[worker-us-central1-api-d057b418-436a-4366-861d-f1875655160a]: BUSY"}}
[debug] [2024-09-10T12:38:18.239Z] Finishing up request with event=pause {"metadata":{"emulator":{"name":"functions"},"function":{"name":"us-central1-api"},"extension":{},"message":"Finishing up request with event=pause"}}
[info] i  functions: Finished "us-central1-api" in 724.677ms {"metadata":{"emulator":{"name":"functions"},"function":{"name":"us-central1-api"},"extension":{},"message":"Finished \"us-central1-api\" in 724.677ms"}}
[debug] [2024-09-10T12:38:18.241Z] [worker-us-central1-api-d057b418-436a-4366-861d-f1875655160a]: IDLE {"metadata":{"emulator":{"name":"functions"},"function":{"name":"us-central1-api"},"extension":{},"message":"[worker-us-central1-api-d057b418-436a-4366-861d-f1875655160a]: IDLE"}}
[debug] [2024-09-10T12:38:18.241Z] Finishing up request with event=finish {"metadata":{"emulator":{"name":"functions"},"function":{"name":"us-central1-api"},"extension":{},"message":"Finishing up request with event=finish"}}
[debug] [2024-09-10T12:38:18.242Z] Finishing up request with event=close {"metadata":{"emulator":{"name":"functions"},"function":{"name":"us-central1-api"},"extension":{},"message":"Finishing up request with event=close"}}
[debug] [2024-09-10T12:38:18.242Z] [work-queue] {"queuedWork":[],"queueLength":0,"runningWork":[],"workRunningCount":0}
[debug] [2024-09-10T12:41:05.720Z] [work-queue] {"queuedWork":["/e-clone-9f43d/us-central1/api/payment/create-2024-09-10T12:41:05.720Z"],"queueLength":1,"runningWork":[],"workRunningCount":0}
[debug] [2024-09-10T12:41:05.720Z] [work-queue] {"queuedWork":[],"queueLength":0,"runningWork":["/e-clone-9f43d/us-central1/api/payment/create-2024-09-10T12:41:05.720Z"],"workRunningCount":1}
[debug] [2024-09-10T12:41:05.720Z] Accepted request POST /e-clone-9f43d/us-central1/api/payment/create?total=8498 --> us-central1-api
[debug] [2024-09-10T12:41:05.726Z] [functions] Runtime ready! Sending request! {"metadata":{"emulator":{"name":"functions"},"message":"[functions] Runtime ready! Sending request!"}}
[debug] [2024-09-10T12:41:05.726Z] [functions] Got req.url=/e-clone-9f43d/us-central1/api/payment/create?total=8498, mapping to path=/payment/create?total=8498 {"metadata":{"emulator":{"name":"functions"},"message":"[functions] Got req.url=/e-clone-9f43d/us-central1/api/payment/create?total=8498, mapping to path=/payment/create?total=8498"}}
[debug] [2024-09-10T12:41:05.727Z] [worker-pool] submitRequest(triggerId=us-central1-api) {"metadata":{"emulator":{"name":"functions"},"message":"[worker-pool] submitRequest(triggerId=us-central1-api)"}}
[info] i  functions: Beginning execution of "us-central1-api" {"metadata":{"emulator":{"name":"functions"},"function":{"name":"us-central1-api"},"extension":{},"message":"Beginning execution of \"us-central1-api\""}}
[debug] [2024-09-10T12:41:05.727Z] [worker-us-central1-api-d057b418-436a-4366-861d-f1875655160a]: BUSY {"metadata":{"emulator":{"name":"functions"},"function":{"name":"us-central1-api"},"extension":{},"message":"[worker-us-central1-api-d057b418-436a-4366-861d-f1875655160a]: BUSY"}}
[debug] [2024-09-10T12:41:06.507Z] Finishing up request with event=pause {"metadata":{"emulator":{"name":"functions"},"function":{"name":"us-central1-api"},"extension":{},"message":"Finishing up request with event=pause"}}
[info] i  functions: Finished "us-central1-api" in 779.7111ms {"metadata":{"emulator":{"name":"functions"},"function":{"name":"us-central1-api"},"extension":{},"message":"Finished \"us-central1-api\" in 779.7111ms"}}
[debug] [2024-09-10T12:41:06.508Z] [worker-us-central1-api-d057b418-436a-4366-861d-f1875655160a]: IDLE {"metadata":{"emulator":{"name":"functions"},"function":{"name":"us-central1-api"},"extension":{},"message":"[worker-us-central1-api-d057b418-436a-4366-861d-f1875655160a]: IDLE"}}
[debug] [2024-09-10T12:41:06.508Z] Finishing up request with event=finish {"metadata":{"emulator":{"name":"functions"},"function":{"name":"us-central1-api"},"extension":{},"message":"Finishing up request with event=finish"}}
[debug] [2024-09-10T12:41:06.508Z] Finishing up request with event=close {"metadata":{"emulator":{"name":"functions"},"function":{"name":"us-central1-api"},"extension":{},"message":"Finishing up request with event=close"}}
[debug] [2024-09-10T12:41:06.508Z] [work-queue] {"queuedWork":[],"queueLength":0,"runningWork":[],"workRunningCount":0}
[debug] [2024-09-10T12:56:55.357Z] [work-queue] {"queuedWork":["/e-clone-9f43d/us-central1/api/payment/create-2024-09-10T12:56:55.357Z"],"queueLength":1,"runningWork":[],"workRunningCount":0}
[debug] [2024-09-10T12:56:55.358Z] [work-queue] {"queuedWork":[],"queueLength":0,"runningWork":["/e-clone-9f43d/us-central1/api/payment/create-2024-09-10T12:56:55.357Z"],"workRunningCount":1}
[debug] [2024-09-10T12:56:55.358Z] Accepted request POST /e-clone-9f43d/us-central1/api/payment/create?total=87899 --> us-central1-api
[debug] [2024-09-10T12:56:55.362Z] [functions] Runtime ready! Sending request! {"metadata":{"emulator":{"name":"functions"},"message":"[functions] Runtime ready! Sending request!"}}
[debug] [2024-09-10T12:56:55.362Z] [functions] Got req.url=/e-clone-9f43d/us-central1/api/payment/create?total=87899, mapping to path=/payment/create?total=87899 {"metadata":{"emulator":{"name":"functions"},"message":"[functions] Got req.url=/e-clone-9f43d/us-central1/api/payment/create?total=87899, mapping to path=/payment/create?total=87899"}}
[debug] [2024-09-10T12:56:55.362Z] [worker-pool] submitRequest(triggerId=us-central1-api) {"metadata":{"emulator":{"name":"functions"},"message":"[worker-pool] submitRequest(triggerId=us-central1-api)"}}
[info] i  functions: Beginning execution of "us-central1-api" {"metadata":{"emulator":{"name":"functions"},"function":{"name":"us-central1-api"},"extension":{},"message":"Beginning execution of \"us-central1-api\""}}
[debug] [2024-09-10T12:56:55.365Z] [worker-us-central1-api-d057b418-436a-4366-861d-f1875655160a]: BUSY {"metadata":{"emulator":{"name":"functions"},"function":{"name":"us-central1-api"},"extension":{},"message":"[worker-us-central1-api-d057b418-436a-4366-861d-f1875655160a]: BUSY"}}
[debug] [2024-09-10T12:56:56.097Z] Finishing up request with event=pause {"metadata":{"emulator":{"name":"functions"},"function":{"name":"us-central1-api"},"extension":{},"message":"Finishing up request with event=pause"}}
[info] i  functions: Finished "us-central1-api" in 732.1464ms {"metadata":{"emulator":{"name":"functions"},"function":{"name":"us-central1-api"},"extension":{},"message":"Finished \"us-central1-api\" in 732.1464ms"}}
[debug] [2024-09-10T12:56:56.099Z] [worker-us-central1-api-d057b418-436a-4366-861d-f1875655160a]: IDLE {"metadata":{"emulator":{"name":"functions"},"function":{"name":"us-central1-api"},"extension":{},"message":"[worker-us-central1-api-d057b418-436a-4366-861d-f1875655160a]: IDLE"}}
[debug] [2024-09-10T12:56:56.099Z] Finishing up request with event=finish {"metadata":{"emulator":{"name":"functions"},"function":{"name":"us-central1-api"},"extension":{},"message":"Finishing up request with event=finish"}}
[debug] [2024-09-10T12:56:56.100Z] Finishing up request with event=close {"metadata":{"emulator":{"name":"functions"},"function":{"name":"us-central1-api"},"extension":{},"message":"Finishing up request with event=close"}}
[debug] [2024-09-10T12:56:56.100Z] [work-queue] {"queuedWork":[],"queueLength":0,"runningWork":[],"workRunningCount":0}
[debug] [2024-09-10T13:05:23.444Z] [work-queue] {"queuedWork":["/e-clone-9f43d/us-central1/api/payment/create-2024-09-10T13:05:23.444Z"],"queueLength":1,"runningWork":[],"workRunningCount":0}
[debug] [2024-09-10T13:05:23.445Z] [work-queue] {"queuedWork":[],"queueLength":0,"runningWork":["/e-clone-9f43d/us-central1/api/payment/create-2024-09-10T13:05:23.444Z"],"workRunningCount":1}
[debug] [2024-09-10T13:05:23.445Z] Accepted request POST /e-clone-9f43d/us-central1/api/payment/create?total=87899 --> us-central1-api
[debug] [2024-09-10T13:05:23.450Z] [functions] Runtime ready! Sending request! {"metadata":{"emulator":{"name":"functions"},"message":"[functions] Runtime ready! Sending request!"}}
[debug] [2024-09-10T13:05:23.451Z] [functions] Got req.url=/e-clone-9f43d/us-central1/api/payment/create?total=87899, mapping to path=/payment/create?total=87899 {"metadata":{"emulator":{"name":"functions"},"message":"[functions] Got req.url=/e-clone-9f43d/us-central1/api/payment/create?total=87899, mapping to path=/payment/create?total=87899"}}
[debug] [2024-09-10T13:05:23.451Z] [worker-pool] submitRequest(triggerId=us-central1-api) {"metadata":{"emulator":{"name":"functions"},"message":"[worker-pool] submitRequest(triggerId=us-central1-api)"}}
[info] i  functions: Beginning execution of "us-central1-api" {"metadata":{"emulator":{"name":"functions"},"function":{"name":"us-central1-api"},"extension":{},"message":"Beginning execution of \"us-central1-api\""}}
[debug] [2024-09-10T13:05:23.460Z] [worker-us-central1-api-d057b418-436a-4366-861d-f1875655160a]: BUSY {"metadata":{"emulator":{"name":"functions"},"function":{"name":"us-central1-api"},"extension":{},"message":"[worker-us-central1-api-d057b418-436a-4366-861d-f1875655160a]: BUSY"}}
[debug] [2024-09-10T13:05:24.169Z] Finishing up request with event=pause {"metadata":{"emulator":{"name":"functions"},"function":{"name":"us-central1-api"},"extension":{},"message":"Finishing up request with event=pause"}}
[info] i  functions: Finished "us-central1-api" in 709.1776ms {"metadata":{"emulator":{"name":"functions"},"function":{"name":"us-central1-api"},"extension":{},"message":"Finished \"us-central1-api\" in 709.1776ms"}}
[debug] [2024-09-10T13:05:24.227Z] [worker-us-central1-api-d057b418-436a-4366-861d-f1875655160a]: IDLE {"metadata":{"emulator":{"name":"functions"},"function":{"name":"us-central1-api"},"extension":{},"message":"[worker-us-central1-api-d057b418-436a-4366-861d-f1875655160a]: IDLE"}}
[debug] [2024-09-10T13:05:24.228Z] Finishing up request with event=finish {"metadata":{"emulator":{"name":"functions"},"function":{"name":"us-central1-api"},"extension":{},"message":"Finishing up request with event=finish"}}
[debug] [2024-09-10T13:05:24.228Z] Finishing up request with event=close {"metadata":{"emulator":{"name":"functions"},"function":{"name":"us-central1-api"},"extension":{},"message":"Finishing up request with event=close"}}
[debug] [2024-09-10T13:05:24.228Z] [work-queue] {"queuedWork":[],"queueLength":0,"runningWork":[],"workRunningCount":0}
[debug] [2024-09-10T13:06:55.403Z] [work-queue] {"queuedWork":["/e-clone-9f43d/us-central1/api/payment/create-2024-09-10T13:06:55.402Z"],"queueLength":1,"runningWork":[],"workRunningCount":0}
[debug] [2024-09-10T13:06:55.403Z] [work-queue] {"queuedWork":[],"queueLength":0,"runningWork":["/e-clone-9f43d/us-central1/api/payment/create-2024-09-10T13:06:55.402Z"],"workRunningCount":1}
[debug] [2024-09-10T13:06:55.403Z] Accepted request POST /e-clone-9f43d/us-central1/api/payment/create?total=165598 --> us-central1-api
[debug] [2024-09-10T13:06:55.407Z] [functions] Runtime ready! Sending request! {"metadata":{"emulator":{"name":"functions"},"message":"[functions] Runtime ready! Sending request!"}}
[debug] [2024-09-10T13:06:55.408Z] [functions] Got req.url=/e-clone-9f43d/us-central1/api/payment/create?total=165598, mapping to path=/payment/create?total=165598 {"metadata":{"emulator":{"name":"functions"},"message":"[functions] Got req.url=/e-clone-9f43d/us-central1/api/payment/create?total=165598, mapping to path=/payment/create?total=165598"}}
[debug] [2024-09-10T13:06:55.408Z] [worker-pool] submitRequest(triggerId=us-central1-api) {"metadata":{"emulator":{"name":"functions"},"message":"[worker-pool] submitRequest(triggerId=us-central1-api)"}}
[info] i  functions: Beginning execution of "us-central1-api" {"metadata":{"emulator":{"name":"functions"},"function":{"name":"us-central1-api"},"extension":{},"message":"Beginning execution of \"us-central1-api\""}}
[debug] [2024-09-10T13:06:55.409Z] [worker-us-central1-api-d057b418-436a-4366-861d-f1875655160a]: BUSY {"metadata":{"emulator":{"name":"functions"},"function":{"name":"us-central1-api"},"extension":{},"message":"[worker-us-central1-api-d057b418-436a-4366-861d-f1875655160a]: BUSY"}}
[debug] [2024-09-10T13:06:56.122Z] Finishing up request with event=pause {"metadata":{"emulator":{"name":"functions"},"function":{"name":"us-central1-api"},"extension":{},"message":"Finishing up request with event=pause"}}
[info] i  functions: Finished "us-central1-api" in 713.5338ms {"metadata":{"emulator":{"name":"functions"},"function":{"name":"us-central1-api"},"extension":{},"message":"Finished \"us-central1-api\" in 713.5338ms"}}
[debug] [2024-09-10T13:06:56.124Z] [worker-us-central1-api-d057b418-436a-4366-861d-f1875655160a]: IDLE {"metadata":{"emulator":{"name":"functions"},"function":{"name":"us-central1-api"},"extension":{},"message":"[worker-us-central1-api-d057b418-436a-4366-861d-f1875655160a]: IDLE"}}
[debug] [2024-09-10T13:06:56.124Z] Finishing up request with event=finish {"metadata":{"emulator":{"name":"functions"},"function":{"name":"us-central1-api"},"extension":{},"message":"Finishing up request with event=finish"}}
[debug] [2024-09-10T13:06:56.124Z] Finishing up request with event=close {"metadata":{"emulator":{"name":"functions"},"function":{"name":"us-central1-api"},"extension":{},"message":"Finishing up request with event=close"}}
[debug] [2024-09-10T13:06:56.125Z] [work-queue] {"queuedWork":[],"queueLength":0,"runningWork":[],"workRunningCount":0}
[debug] [2024-09-10T13:18:50.974Z] [work-queue] {"queuedWork":["/e-clone-9f43d/us-central1/api/payment/create-2024-09-10T13:18:50.974Z"],"queueLength":1,"runningWork":[],"workRunningCount":0}
[debug] [2024-09-10T13:18:50.975Z] [work-queue] {"queuedWork":[],"queueLength":0,"runningWork":["/e-clone-9f43d/us-central1/api/payment/create-2024-09-10T13:18:50.974Z"],"workRunningCount":1}
[debug] [2024-09-10T13:18:50.975Z] Accepted request POST /e-clone-9f43d/us-central1/api/payment/create?total=33200 --> us-central1-api
[debug] [2024-09-10T13:18:50.980Z] [functions] Runtime ready! Sending request! {"metadata":{"emulator":{"name":"functions"},"message":"[functions] Runtime ready! Sending request!"}}
[debug] [2024-09-10T13:18:50.980Z] [functions] Got req.url=/e-clone-9f43d/us-central1/api/payment/create?total=33200, mapping to path=/payment/create?total=33200 {"metadata":{"emulator":{"name":"functions"},"message":"[functions] Got req.url=/e-clone-9f43d/us-central1/api/payment/create?total=33200, mapping to path=/payment/create?total=33200"}}
[debug] [2024-09-10T13:18:50.980Z] [worker-pool] submitRequest(triggerId=us-central1-api) {"metadata":{"emulator":{"name":"functions"},"message":"[worker-pool] submitRequest(triggerId=us-central1-api)"}}
[info] i  functions: Beginning execution of "us-central1-api" {"metadata":{"emulator":{"name":"functions"},"function":{"name":"us-central1-api"},"extension":{},"message":"Beginning execution of \"us-central1-api\""}}
[debug] [2024-09-10T13:18:50.983Z] [worker-us-central1-api-d057b418-436a-4366-861d-f1875655160a]: BUSY {"metadata":{"emulator":{"name":"functions"},"function":{"name":"us-central1-api"},"extension":{},"message":"[worker-us-central1-api-d057b418-436a-4366-861d-f1875655160a]: BUSY"}}
[debug] [2024-09-10T13:18:51.693Z] Finishing up request with event=pause {"metadata":{"emulator":{"name":"functions"},"function":{"name":"us-central1-api"},"extension":{},"message":"Finishing up request with event=pause"}}
[info] i  functions: Finished "us-central1-api" in 710.263ms {"metadata":{"emulator":{"name":"functions"},"function":{"name":"us-central1-api"},"extension":{},"message":"Finished \"us-central1-api\" in 710.263ms"}}
[debug] [2024-09-10T13:18:51.694Z] [worker-us-central1-api-d057b418-436a-4366-861d-f1875655160a]: IDLE {"metadata":{"emulator":{"name":"functions"},"function":{"name":"us-central1-api"},"extension":{},"message":"[worker-us-central1-api-d057b418-436a-4366-861d-f1875655160a]: IDLE"}}
[debug] [2024-09-10T13:18:51.694Z] Finishing up request with event=finish {"metadata":{"emulator":{"name":"functions"},"function":{"name":"us-central1-api"},"extension":{},"message":"Finishing up request with event=finish"}}
[debug] [2024-09-10T13:18:51.695Z] Finishing up request with event=close {"metadata":{"emulator":{"name":"functions"},"function":{"name":"us-central1-api"},"extension":{},"message":"Finishing up request with event=close"}}
[debug] [2024-09-10T13:18:51.695Z] [work-queue] {"queuedWork":[],"queueLength":0,"runningWork":[],"workRunningCount":0}
[debug] [2024-09-10T13:22:33.315Z] [work-queue] {"queuedWork":["/e-clone-9f43d/us-central1/api/payment/create-2024-09-10T13:22:33.315Z"],"queueLength":1,"runningWork":[],"workRunningCount":0}
[debug] [2024-09-10T13:22:33.315Z] [work-queue] {"queuedWork":[],"queueLength":0,"runningWork":["/e-clone-9f43d/us-central1/api/payment/create-2024-09-10T13:22:33.315Z"],"workRunningCount":1}
[debug] [2024-09-10T13:22:33.315Z] Accepted request POST /e-clone-9f43d/us-central1/api/payment/create?total=0 --> us-central1-api
[debug] [2024-09-10T13:22:33.320Z] [functions] Runtime ready! Sending request! {"metadata":{"emulator":{"name":"functions"},"message":"[functions] Runtime ready! Sending request!"}}
[debug] [2024-09-10T13:22:33.321Z] [functions] Got req.url=/e-clone-9f43d/us-central1/api/payment/create?total=0, mapping to path=/payment/create?total=0 {"metadata":{"emulator":{"name":"functions"},"message":"[functions] Got req.url=/e-clone-9f43d/us-central1/api/payment/create?total=0, mapping to path=/payment/create?total=0"}}
[debug] [2024-09-10T13:22:33.321Z] [worker-pool] submitRequest(triggerId=us-central1-api) {"metadata":{"emulator":{"name":"functions"},"message":"[worker-pool] submitRequest(triggerId=us-central1-api)"}}
[info] i  functions: Beginning execution of "us-central1-api" {"metadata":{"emulator":{"name":"functions"},"function":{"name":"us-central1-api"},"extension":{},"message":"Beginning execution of \"us-central1-api\""}}
[debug] [2024-09-10T13:22:33.329Z] [worker-us-central1-api-d057b418-436a-4366-861d-f1875655160a]: BUSY {"metadata":{"emulator":{"name":"functions"},"function":{"name":"us-central1-api"},"extension":{},"message":"[worker-us-central1-api-d057b418-436a-4366-861d-f1875655160a]: BUSY"}}
[debug] [2024-09-10T13:22:33.334Z] Finishing up request with event=pause {"metadata":{"emulator":{"name":"functions"},"function":{"name":"us-central1-api"},"extension":{},"message":"Finishing up request with event=pause"}}
[info] i  functions: Finished "us-central1-api" in 5.572ms {"metadata":{"emulator":{"name":"functions"},"function":{"name":"us-central1-api"},"extension":{},"message":"Finished \"us-central1-api\" in 5.572ms"}}
[debug] [2024-09-10T13:22:33.337Z] [worker-us-central1-api-d057b418-436a-4366-861d-f1875655160a]: IDLE {"metadata":{"emulator":{"name":"functions"},"function":{"name":"us-central1-api"},"extension":{},"message":"[worker-us-central1-api-d057b418-436a-4366-861d-f1875655160a]: IDLE"}}
[debug] [2024-09-10T13:22:33.337Z] Finishing up request with event=finish {"metadata":{"emulator":{"name":"functions"},"function":{"name":"us-central1-api"},"extension":{},"message":"Finishing up request with event=finish"}}
[debug] [2024-09-10T13:22:33.338Z] Finishing up request with event=close {"metadata":{"emulator":{"name":"functions"},"function":{"name":"us-central1-api"},"extension":{},"message":"Finishing up request with event=close"}}
[debug] [2024-09-10T13:22:33.338Z] [work-queue] {"queuedWork":[],"queueLength":0,"runningWork":[],"workRunningCount":0}
[debug] [2024-09-10T13:22:34.414Z] [work-queue] {"queuedWork":["/e-clone-9f43d/us-central1/api/payment/create-2024-09-10T13:22:34.414Z"],"queueLength":1,"runningWork":[],"workRunningCount":0}
[debug] [2024-09-10T13:22:34.414Z] [work-queue] {"queuedWork":[],"queueLength":0,"runningWork":["/e-clone-9f43d/us-central1/api/payment/create-2024-09-10T13:22:34.414Z"],"workRunningCount":1}
[debug] [2024-09-10T13:22:34.415Z] Accepted request POST /e-clone-9f43d/us-central1/api/payment/create?total=0 --> us-central1-api
[debug] [2024-09-10T13:22:34.416Z] [functions] Runtime ready! Sending request! {"metadata":{"emulator":{"name":"functions"},"message":"[functions] Runtime ready! Sending request!"}}
[debug] [2024-09-10T13:22:34.416Z] [functions] Got req.url=/e-clone-9f43d/us-central1/api/payment/create?total=0, mapping to path=/payment/create?total=0 {"metadata":{"emulator":{"name":"functions"},"message":"[functions] Got req.url=/e-clone-9f43d/us-central1/api/payment/create?total=0, mapping to path=/payment/create?total=0"}}
[debug] [2024-09-10T13:22:34.416Z] [worker-pool] submitRequest(triggerId=us-central1-api) {"metadata":{"emulator":{"name":"functions"},"message":"[worker-pool] submitRequest(triggerId=us-central1-api)"}}
[info] i  functions: Beginning execution of "us-central1-api" {"metadata":{"emulator":{"name":"functions"},"function":{"name":"us-central1-api"},"extension":{},"message":"Beginning execution of \"us-central1-api\""}}
[debug] [2024-09-10T13:22:34.418Z] [worker-us-central1-api-d057b418-436a-4366-861d-f1875655160a]: BUSY {"metadata":{"emulator":{"name":"functions"},"function":{"name":"us-central1-api"},"extension":{},"message":"[worker-us-central1-api-d057b418-436a-4366-861d-f1875655160a]: BUSY"}}
[debug] [2024-09-10T13:22:34.425Z] Finishing up request with event=pause {"metadata":{"emulator":{"name":"functions"},"function":{"name":"us-central1-api"},"extension":{},"message":"Finishing up request with event=pause"}}
[info] i  functions: Finished "us-central1-api" in 8.7018ms {"metadata":{"emulator":{"name":"functions"},"function":{"name":"us-central1-api"},"extension":{},"message":"Finished \"us-central1-api\" in 8.7018ms"}}
[debug] [2024-09-10T13:22:34.428Z] [worker-us-central1-api-d057b418-436a-4366-861d-f1875655160a]: IDLE {"metadata":{"emulator":{"name":"functions"},"function":{"name":"us-central1-api"},"extension":{},"message":"[worker-us-central1-api-d057b418-436a-4366-861d-f1875655160a]: IDLE"}}
[debug] [2024-09-10T13:22:34.428Z] Finishing up request with event=finish {"metadata":{"emulator":{"name":"functions"},"function":{"name":"us-central1-api"},"extension":{},"message":"Finishing up request with event=finish"}}
[debug] [2024-09-10T13:22:34.429Z] Finishing up request with event=close {"metadata":{"emulator":{"name":"functions"},"function":{"name":"us-central1-api"},"extension":{},"message":"Finishing up request with event=close"}}
[debug] [2024-09-10T13:22:34.429Z] [work-queue] {"queuedWork":[],"queueLength":0,"runningWork":[],"workRunningCount":0}
[debug] [2024-09-10T13:22:48.889Z] [work-queue] {"queuedWork":["/e-clone-9f43d/us-central1/api/payment/create-2024-09-10T13:22:48.889Z"],"queueLength":1,"runningWork":[],"workRunningCount":0}
[debug] [2024-09-10T13:22:48.890Z] [work-queue] {"queuedWork":[],"queueLength":0,"runningWork":["/e-clone-9f43d/us-central1/api/payment/create-2024-09-10T13:22:48.889Z"],"workRunningCount":1}
[debug] [2024-09-10T13:22:48.890Z] Accepted request POST /e-clone-9f43d/us-central1/api/payment/create?total=0 --> us-central1-api
[debug] [2024-09-10T13:22:48.895Z] [functions] Runtime ready! Sending request! {"metadata":{"emulator":{"name":"functions"},"message":"[functions] Runtime ready! Sending request!"}}
[debug] [2024-09-10T13:22:48.896Z] [functions] Got req.url=/e-clone-9f43d/us-central1/api/payment/create?total=0, mapping to path=/payment/create?total=0 {"metadata":{"emulator":{"name":"functions"},"message":"[functions] Got req.url=/e-clone-9f43d/us-central1/api/payment/create?total=0, mapping to path=/payment/create?total=0"}}
[debug] [2024-09-10T13:22:48.896Z] [worker-pool] submitRequest(triggerId=us-central1-api) {"metadata":{"emulator":{"name":"functions"},"message":"[worker-pool] submitRequest(triggerId=us-central1-api)"}}
[info] i  functions: Beginning execution of "us-central1-api" {"metadata":{"emulator":{"name":"functions"},"function":{"name":"us-central1-api"},"extension":{},"message":"Beginning execution of \"us-central1-api\""}}
[debug] [2024-09-10T13:22:48.897Z] [worker-us-central1-api-d057b418-436a-4366-861d-f1875655160a]: BUSY {"metadata":{"emulator":{"name":"functions"},"function":{"name":"us-central1-api"},"extension":{},"message":"[worker-us-central1-api-d057b418-436a-4366-861d-f1875655160a]: BUSY"}}
[debug] [2024-09-10T13:22:48.905Z] Finishing up request with event=pause {"metadata":{"emulator":{"name":"functions"},"function":{"name":"us-central1-api"},"extension":{},"message":"Finishing up request with event=pause"}}
[info] i  functions: Finished "us-central1-api" in 8.2021ms {"metadata":{"emulator":{"name":"functions"},"function":{"name":"us-central1-api"},"extension":{},"message":"Finished \"us-central1-api\" in 8.2021ms"}}
[debug] [2024-09-10T13:22:48.922Z] [worker-us-central1-api-d057b418-436a-4366-861d-f1875655160a]: IDLE {"metadata":{"emulator":{"name":"functions"},"function":{"name":"us-central1-api"},"extension":{},"message":"[worker-us-central1-api-d057b418-436a-4366-861d-f1875655160a]: IDLE"}}
[debug] [2024-09-10T13:22:48.922Z] Finishing up request with event=finish {"metadata":{"emulator":{"name":"functions"},"function":{"name":"us-central1-api"},"extension":{},"message":"Finishing up request with event=finish"}}
[debug] [2024-09-10T13:22:48.923Z] Finishing up request with event=close {"metadata":{"emulator":{"name":"functions"},"function":{"name":"us-central1-api"},"extension":{},"message":"Finishing up request with event=close"}}
[debug] [2024-09-10T13:22:48.923Z] [work-queue] {"queuedWork":[],"queueLength":0,"runningWork":[],"workRunningCount":0}
[debug] [2024-09-10T13:23:33.451Z] [work-queue] {"queuedWork":["/e-clone-9f43d/us-central1/api/payment/create-2024-09-10T13:23:33.451Z"],"queueLength":1,"runningWork":[],"workRunningCount":0}
[debug] [2024-09-10T13:23:33.452Z] [work-queue] {"queuedWork":[],"queueLength":0,"runningWork":["/e-clone-9f43d/us-central1/api/payment/create-2024-09-10T13:23:33.451Z"],"workRunningCount":1}
[debug] [2024-09-10T13:23:33.452Z] Accepted request POST /e-clone-9f43d/us-central1/api/payment/create?total=87899 --> us-central1-api
[debug] [2024-09-10T13:23:33.457Z] [functions] Runtime ready! Sending request! {"metadata":{"emulator":{"name":"functions"},"message":"[functions] Runtime ready! Sending request!"}}
[debug] [2024-09-10T13:23:33.458Z] [functions] Got req.url=/e-clone-9f43d/us-central1/api/payment/create?total=87899, mapping to path=/payment/create?total=87899 {"metadata":{"emulator":{"name":"functions"},"message":"[functions] Got req.url=/e-clone-9f43d/us-central1/api/payment/create?total=87899, mapping to path=/payment/create?total=87899"}}
[debug] [2024-09-10T13:23:33.458Z] [worker-pool] submitRequest(triggerId=us-central1-api) {"metadata":{"emulator":{"name":"functions"},"message":"[worker-pool] submitRequest(triggerId=us-central1-api)"}}
[info] i  functions: Beginning execution of "us-central1-api" {"metadata":{"emulator":{"name":"functions"},"function":{"name":"us-central1-api"},"extension":{},"message":"Beginning execution of \"us-central1-api\""}}
[debug] [2024-09-10T13:23:33.459Z] [worker-us-central1-api-d057b418-436a-4366-861d-f1875655160a]: BUSY {"metadata":{"emulator":{"name":"functions"},"function":{"name":"us-central1-api"},"extension":{},"message":"[worker-us-central1-api-d057b418-436a-4366-861d-f1875655160a]: BUSY"}}
[debug] [2024-09-10T13:23:34.266Z] Finishing up request with event=pause {"metadata":{"emulator":{"name":"functions"},"function":{"name":"us-central1-api"},"extension":{},"message":"Finishing up request with event=pause"}}
[info] i  functions: Finished "us-central1-api" in 807.2378ms {"metadata":{"emulator":{"name":"functions"},"function":{"name":"us-central1-api"},"extension":{},"message":"Finished \"us-central1-api\" in 807.2378ms"}}
[debug] [2024-09-10T13:23:34.267Z] [worker-us-central1-api-d057b418-436a-4366-861d-f1875655160a]: IDLE {"metadata":{"emulator":{"name":"functions"},"function":{"name":"us-central1-api"},"extension":{},"message":"[worker-us-central1-api-d057b418-436a-4366-861d-f1875655160a]: IDLE"}}
[debug] [2024-09-10T13:23:34.268Z] Finishing up request with event=finish {"metadata":{"emulator":{"name":"functions"},"function":{"name":"us-central1-api"},"extension":{},"message":"Finishing up request with event=finish"}}
[debug] [2024-09-10T13:23:34.269Z] Finishing up request with event=close {"metadata":{"emulator":{"name":"functions"},"function":{"name":"us-central1-api"},"extension":{},"message":"Finishing up request with event=close"}}
[debug] [2024-09-10T13:23:34.269Z] [work-queue] {"queuedWork":[],"queueLength":0,"runningWork":[],"workRunningCount":0}
[debug] [2024-09-10T13:24:05.619Z] [work-queue] {"queuedWork":["/e-clone-9f43d/us-central1/api/payment/create-2024-09-10T13:24:05.619Z"],"queueLength":1,"runningWork":[],"workRunningCount":0}
[debug] [2024-09-10T13:24:05.619Z] [work-queue] {"queuedWork":[],"queueLength":0,"runningWork":["/e-clone-9f43d/us-central1/api/payment/create-2024-09-10T13:24:05.619Z"],"workRunningCount":1}
[debug] [2024-09-10T13:24:05.619Z] Accepted request POST /e-clone-9f43d/us-central1/api/payment/create?total=87899 --> us-central1-api
[debug] [2024-09-10T13:24:05.623Z] [functions] Runtime ready! Sending request! {"metadata":{"emulator":{"name":"functions"},"message":"[functions] Runtime ready! Sending request!"}}
[debug] [2024-09-10T13:24:05.624Z] [functions] Got req.url=/e-clone-9f43d/us-central1/api/payment/create?total=87899, mapping to path=/payment/create?total=87899 {"metadata":{"emulator":{"name":"functions"},"message":"[functions] Got req.url=/e-clone-9f43d/us-central1/api/payment/create?total=87899, mapping to path=/payment/create?total=87899"}}
[debug] [2024-09-10T13:24:05.624Z] [worker-pool] submitRequest(triggerId=us-central1-api) {"metadata":{"emulator":{"name":"functions"},"message":"[worker-pool] submitRequest(triggerId=us-central1-api)"}}
[info] i  functions: Beginning execution of "us-central1-api" {"metadata":{"emulator":{"name":"functions"},"function":{"name":"us-central1-api"},"extension":{},"message":"Beginning execution of \"us-central1-api\""}}
[debug] [2024-09-10T13:24:05.627Z] [worker-us-central1-api-d057b418-436a-4366-861d-f1875655160a]: BUSY {"metadata":{"emulator":{"name":"functions"},"function":{"name":"us-central1-api"},"extension":{},"message":"[worker-us-central1-api-d057b418-436a-4366-861d-f1875655160a]: BUSY"}}
[debug] [2024-09-10T13:24:06.020Z] Finishing up request with event=pause {"metadata":{"emulator":{"name":"functions"},"function":{"name":"us-central1-api"},"extension":{},"message":"Finishing up request with event=pause"}}
[info] i  functions: Finished "us-central1-api" in 392.9466ms {"metadata":{"emulator":{"name":"functions"},"function":{"name":"us-central1-api"},"extension":{},"message":"Finished \"us-central1-api\" in 392.9466ms"}}
[debug] [2024-09-10T13:24:06.023Z] [worker-us-central1-api-d057b418-436a-4366-861d-f1875655160a]: IDLE {"metadata":{"emulator":{"name":"functions"},"function":{"name":"us-central1-api"},"extension":{},"message":"[worker-us-central1-api-d057b418-436a-4366-861d-f1875655160a]: IDLE"}}
[debug] [2024-09-10T13:24:06.023Z] Finishing up request with event=finish {"metadata":{"emulator":{"name":"functions"},"function":{"name":"us-central1-api"},"extension":{},"message":"Finishing up request with event=finish"}}
[debug] [2024-09-10T13:24:06.024Z] Finishing up request with event=close {"metadata":{"emulator":{"name":"functions"},"function":{"name":"us-central1-api"},"extension":{},"message":"Finishing up request with event=close"}}
[debug] [2024-09-10T13:24:06.024Z] [work-queue] {"queuedWork":[],"queueLength":0,"runningWork":[],"workRunningCount":0}
[debug] [2024-09-10T13:30:40.737Z] [work-queue] {"queuedWork":["/e-clone-9f43d/us-central1/api/payment/create-2024-09-10T13:30:40.737Z"],"queueLength":1,"runningWork":[],"workRunningCount":0}
[debug] [2024-09-10T13:30:40.737Z] [work-queue] {"queuedWork":[],"queueLength":0,"runningWork":["/e-clone-9f43d/us-central1/api/payment/create-2024-09-10T13:30:40.737Z"],"workRunningCount":1}
[debug] [2024-09-10T13:30:40.738Z] Accepted request POST /e-clone-9f43d/us-central1/api/payment/create?total=87899 --> us-central1-api
[debug] [2024-09-10T13:30:40.743Z] [functions] Runtime ready! Sending request! {"metadata":{"emulator":{"name":"functions"},"message":"[functions] Runtime ready! Sending request!"}}
[debug] [2024-09-10T13:30:40.743Z] [functions] Got req.url=/e-clone-9f43d/us-central1/api/payment/create?total=87899, mapping to path=/payment/create?total=87899 {"metadata":{"emulator":{"name":"functions"},"message":"[functions] Got req.url=/e-clone-9f43d/us-central1/api/payment/create?total=87899, mapping to path=/payment/create?total=87899"}}
[debug] [2024-09-10T13:30:40.743Z] [worker-pool] submitRequest(triggerId=us-central1-api) {"metadata":{"emulator":{"name":"functions"},"message":"[worker-pool] submitRequest(triggerId=us-central1-api)"}}
[info] i  functions: Beginning execution of "us-central1-api" {"metadata":{"emulator":{"name":"functions"},"function":{"name":"us-central1-api"},"extension":{},"message":"Beginning execution of \"us-central1-api\""}}
[debug] [2024-09-10T13:30:40.745Z] [worker-us-central1-api-d057b418-436a-4366-861d-f1875655160a]: BUSY {"metadata":{"emulator":{"name":"functions"},"function":{"name":"us-central1-api"},"extension":{},"message":"[worker-us-central1-api-d057b418-436a-4366-861d-f1875655160a]: BUSY"}}
[debug] [2024-09-10T13:30:41.368Z] Finishing up request with event=pause {"metadata":{"emulator":{"name":"functions"},"function":{"name":"us-central1-api"},"extension":{},"message":"Finishing up request with event=pause"}}
[info] i  functions: Finished "us-central1-api" in 623.5281ms {"metadata":{"emulator":{"name":"functions"},"function":{"name":"us-central1-api"},"extension":{},"message":"Finished \"us-central1-api\" in 623.5281ms"}}
[debug] [2024-09-10T13:30:41.369Z] [worker-us-central1-api-d057b418-436a-4366-861d-f1875655160a]: IDLE {"metadata":{"emulator":{"name":"functions"},"function":{"name":"us-central1-api"},"extension":{},"message":"[worker-us-central1-api-d057b418-436a-4366-861d-f1875655160a]: IDLE"}}
[debug] [2024-09-10T13:30:41.370Z] Finishing up request with event=finish {"metadata":{"emulator":{"name":"functions"},"function":{"name":"us-central1-api"},"extension":{},"message":"Finishing up request with event=finish"}}
[debug] [2024-09-10T13:30:41.370Z] Finishing up request with event=close {"metadata":{"emulator":{"name":"functions"},"function":{"name":"us-central1-api"},"extension":{},"message":"Finishing up request with event=close"}}
[debug] [2024-09-10T13:30:41.371Z] [work-queue] {"queuedWork":[],"queueLength":0,"runningWork":[],"workRunningCount":0}
[debug] [2024-09-10T13:48:00.700Z] [work-queue] {"queuedWork":["/e-clone-9f43d/us-central1/api/payment/create-2024-09-10T13:48:00.700Z"],"queueLength":1,"runningWork":[],"workRunningCount":0}
[debug] [2024-09-10T13:48:00.700Z] [work-queue] {"queuedWork":[],"queueLength":0,"runningWork":["/e-clone-9f43d/us-central1/api/payment/create-2024-09-10T13:48:00.700Z"],"workRunningCount":1}
[debug] [2024-09-10T13:48:00.701Z] Accepted request POST /e-clone-9f43d/us-central1/api/payment/create?total=87899 --> us-central1-api
[debug] [2024-09-10T13:48:00.705Z] [functions] Runtime ready! Sending request! {"metadata":{"emulator":{"name":"functions"},"message":"[functions] Runtime ready! Sending request!"}}
[debug] [2024-09-10T13:48:00.706Z] [functions] Got req.url=/e-clone-9f43d/us-central1/api/payment/create?total=87899, mapping to path=/payment/create?total=87899 {"metadata":{"emulator":{"name":"functions"},"message":"[functions] Got req.url=/e-clone-9f43d/us-central1/api/payment/create?total=87899, mapping to path=/payment/create?total=87899"}}
[debug] [2024-09-10T13:48:00.706Z] [worker-pool] submitRequest(triggerId=us-central1-api) {"metadata":{"emulator":{"name":"functions"},"message":"[worker-pool] submitRequest(triggerId=us-central1-api)"}}
[info] i  functions: Beginning execution of "us-central1-api" {"metadata":{"emulator":{"name":"functions"},"function":{"name":"us-central1-api"},"extension":{},"message":"Beginning execution of \"us-central1-api\""}}
[debug] [2024-09-10T13:48:00.709Z] [worker-us-central1-api-d057b418-436a-4366-861d-f1875655160a]: BUSY {"metadata":{"emulator":{"name":"functions"},"function":{"name":"us-central1-api"},"extension":{},"message":"[worker-us-central1-api-d057b418-436a-4366-861d-f1875655160a]: BUSY"}}
[debug] [2024-09-10T13:48:01.440Z] Finishing up request with event=pause {"metadata":{"emulator":{"name":"functions"},"function":{"name":"us-central1-api"},"extension":{},"message":"Finishing up request with event=pause"}}
[info] i  functions: Finished "us-central1-api" in 731.4476ms {"metadata":{"emulator":{"name":"functions"},"function":{"name":"us-central1-api"},"extension":{},"message":"Finished \"us-central1-api\" in 731.4476ms"}}
[debug] [2024-09-10T13:48:01.441Z] [worker-us-central1-api-d057b418-436a-4366-861d-f1875655160a]: IDLE {"metadata":{"emulator":{"name":"functions"},"function":{"name":"us-central1-api"},"extension":{},"message":"[worker-us-central1-api-d057b418-436a-4366-861d-f1875655160a]: IDLE"}}
[debug] [2024-09-10T13:48:01.441Z] Finishing up request with event=finish {"metadata":{"emulator":{"name":"functions"},"function":{"name":"us-central1-api"},"extension":{},"message":"Finishing up request with event=finish"}}
[debug] [2024-09-10T13:48:01.442Z] Finishing up request with event=close {"metadata":{"emulator":{"name":"functions"},"function":{"name":"us-central1-api"},"extension":{},"message":"Finishing up request with event=close"}}
[debug] [2024-09-10T13:48:01.442Z] [work-queue] {"queuedWork":[],"queueLength":0,"runningWork":[],"workRunningCount":0}
[debug] [2024-09-10T13:49:02.814Z] [work-queue] {"queuedWork":["/e-clone-9f43d/us-central1/api/payment/create-2024-09-10T13:49:02.814Z"],"queueLength":1,"runningWork":[],"workRunningCount":0}
[debug] [2024-09-10T13:49:02.814Z] [work-queue] {"queuedWork":[],"queueLength":0,"runningWork":["/e-clone-9f43d/us-central1/api/payment/create-2024-09-10T13:49:02.814Z"],"workRunningCount":1}
[debug] [2024-09-10T13:49:02.814Z] Accepted request POST /e-clone-9f43d/us-central1/api/payment/create?total=87899 --> us-central1-api
[debug] [2024-09-10T13:49:02.817Z] [functions] Runtime ready! Sending request! {"metadata":{"emulator":{"name":"functions"},"message":"[functions] Runtime ready! Sending request!"}}
[debug] [2024-09-10T13:49:02.818Z] [functions] Got req.url=/e-clone-9f43d/us-central1/api/payment/create?total=87899, mapping to path=/payment/create?total=87899 {"metadata":{"emulator":{"name":"functions"},"message":"[functions] Got req.url=/e-clone-9f43d/us-central1/api/payment/create?total=87899, mapping to path=/payment/create?total=87899"}}
[debug] [2024-09-10T13:49:02.818Z] [worker-pool] submitRequest(triggerId=us-central1-api) {"metadata":{"emulator":{"name":"functions"},"message":"[worker-pool] submitRequest(triggerId=us-central1-api)"}}
[info] i  functions: Beginning execution of "us-central1-api" {"metadata":{"emulator":{"name":"functions"},"function":{"name":"us-central1-api"},"extension":{},"message":"Beginning execution of \"us-central1-api\""}}
[debug] [2024-09-10T13:49:02.820Z] [worker-us-central1-api-d057b418-436a-4366-861d-f1875655160a]: BUSY {"metadata":{"emulator":{"name":"functions"},"function":{"name":"us-central1-api"},"extension":{},"message":"[worker-us-central1-api-d057b418-436a-4366-861d-f1875655160a]: BUSY"}}
[debug] [2024-09-10T13:49:03.278Z] Finishing up request with event=pause {"metadata":{"emulator":{"name":"functions"},"function":{"name":"us-central1-api"},"extension":{},"message":"Finishing up request with event=pause"}}
[info] i  functions: Finished "us-central1-api" in 459.5805ms {"metadata":{"emulator":{"name":"functions"},"function":{"name":"us-central1-api"},"extension":{},"message":"Finished \"us-central1-api\" in 459.5805ms"}}
[debug] [2024-09-10T13:49:03.281Z] [worker-us-central1-api-d057b418-436a-4366-861d-f1875655160a]: IDLE {"metadata":{"emulator":{"name":"functions"},"function":{"name":"us-central1-api"},"extension":{},"message":"[worker-us-central1-api-d057b418-436a-4366-861d-f1875655160a]: IDLE"}}
[debug] [2024-09-10T13:49:03.282Z] Finishing up request with event=finish {"metadata":{"emulator":{"name":"functions"},"function":{"name":"us-central1-api"},"extension":{},"message":"Finishing up request with event=finish"}}
[debug] [2024-09-10T13:49:03.283Z] Finishing up request with event=close {"metadata":{"emulator":{"name":"functions"},"function":{"name":"us-central1-api"},"extension":{},"message":"Finishing up request with event=close"}}
[debug] [2024-09-10T13:49:03.284Z] [work-queue] {"queuedWork":[],"queueLength":0,"runningWork":[],"workRunningCount":0}
[debug] [2024-09-10T13:49:07.062Z] [work-queue] {"queuedWork":["/e-clone-9f43d/us-central1/api/payment/create-2024-09-10T13:49:07.062Z"],"queueLength":1,"runningWork":[],"workRunningCount":0}
[debug] [2024-09-10T13:49:07.063Z] [work-queue] {"queuedWork":[],"queueLength":0,"runningWork":["/e-clone-9f43d/us-central1/api/payment/create-2024-09-10T13:49:07.062Z"],"workRunningCount":1}
[debug] [2024-09-10T13:49:07.063Z] Accepted request POST /e-clone-9f43d/us-central1/api/payment/create?total=87899 --> us-central1-api
[debug] [2024-09-10T13:49:07.064Z] [functions] Runtime ready! Sending request! {"metadata":{"emulator":{"name":"functions"},"message":"[functions] Runtime ready! Sending request!"}}
[debug] [2024-09-10T13:49:07.065Z] [functions] Got req.url=/e-clone-9f43d/us-central1/api/payment/create?total=87899, mapping to path=/payment/create?total=87899 {"metadata":{"emulator":{"name":"functions"},"message":"[functions] Got req.url=/e-clone-9f43d/us-central1/api/payment/create?total=87899, mapping to path=/payment/create?total=87899"}}
[debug] [2024-09-10T13:49:07.065Z] [worker-pool] submitRequest(triggerId=us-central1-api) {"metadata":{"emulator":{"name":"functions"},"message":"[worker-pool] submitRequest(triggerId=us-central1-api)"}}
[info] i  functions: Beginning execution of "us-central1-api" {"metadata":{"emulator":{"name":"functions"},"function":{"name":"us-central1-api"},"extension":{},"message":"Beginning execution of \"us-central1-api\""}}
[debug] [2024-09-10T13:49:07.066Z] [worker-us-central1-api-d057b418-436a-4366-861d-f1875655160a]: BUSY {"metadata":{"emulator":{"name":"functions"},"function":{"name":"us-central1-api"},"extension":{},"message":"[worker-us-central1-api-d057b418-436a-4366-861d-f1875655160a]: BUSY"}}
[debug] [2024-09-10T13:49:07.441Z] Finishing up request with event=pause {"metadata":{"emulator":{"name":"functions"},"function":{"name":"us-central1-api"},"extension":{},"message":"Finishing up request with event=pause"}}
[info] i  functions: Finished "us-central1-api" in 374.9656ms {"metadata":{"emulator":{"name":"functions"},"function":{"name":"us-central1-api"},"extension":{},"message":"Finished \"us-central1-api\" in 374.9656ms"}}
[debug] [2024-09-10T13:49:07.442Z] [worker-us-central1-api-d057b418-436a-4366-861d-f1875655160a]: IDLE {"metadata":{"emulator":{"name":"functions"},"function":{"name":"us-central1-api"},"extension":{},"message":"[worker-us-central1-api-d057b418-436a-4366-861d-f1875655160a]: IDLE"}}
[debug] [2024-09-10T13:49:07.442Z] Finishing up request with event=finish {"metadata":{"emulator":{"name":"functions"},"function":{"name":"us-central1-api"},"extension":{},"message":"Finishing up request with event=finish"}}
[debug] [2024-09-10T13:49:07.442Z] Finishing up request with event=close {"metadata":{"emulator":{"name":"functions"},"function":{"name":"us-central1-api"},"extension":{},"message":"Finishing up request with event=close"}}
[debug] [2024-09-10T13:49:07.443Z] [work-queue] {"queuedWork":[],"queueLength":0,"runningWork":[],"workRunningCount":0}
[debug] [2024-09-10T13:50:01.041Z] [work-queue] {"queuedWork":["/e-clone-9f43d/us-central1/api/payment/create-2024-09-10T13:50:01.041Z"],"queueLength":1,"runningWork":[],"workRunningCount":0}
[debug] [2024-09-10T13:50:01.042Z] [work-queue] {"queuedWork":[],"queueLength":0,"runningWork":["/e-clone-9f43d/us-central1/api/payment/create-2024-09-10T13:50:01.041Z"],"workRunningCount":1}
[debug] [2024-09-10T13:50:01.042Z] Accepted request POST /e-clone-9f43d/us-central1/api/payment/create?total=78928 --> us-central1-api
[debug] [2024-09-10T13:50:01.046Z] [functions] Runtime ready! Sending request! {"metadata":{"emulator":{"name":"functions"},"message":"[functions] Runtime ready! Sending request!"}}
[debug] [2024-09-10T13:50:01.047Z] [functions] Got req.url=/e-clone-9f43d/us-central1/api/payment/create?total=78928, mapping to path=/payment/create?total=78928 {"metadata":{"emulator":{"name":"functions"},"message":"[functions] Got req.url=/e-clone-9f43d/us-central1/api/payment/create?total=78928, mapping to path=/payment/create?total=78928"}}
[debug] [2024-09-10T13:50:01.047Z] [worker-pool] submitRequest(triggerId=us-central1-api) {"metadata":{"emulator":{"name":"functions"},"message":"[worker-pool] submitRequest(triggerId=us-central1-api)"}}
[info] i  functions: Beginning execution of "us-central1-api" {"metadata":{"emulator":{"name":"functions"},"function":{"name":"us-central1-api"},"extension":{},"message":"Beginning execution of \"us-central1-api\""}}
[debug] [2024-09-10T13:50:01.048Z] [worker-us-central1-api-d057b418-436a-4366-861d-f1875655160a]: BUSY {"metadata":{"emulator":{"name":"functions"},"function":{"name":"us-central1-api"},"extension":{},"message":"[worker-us-central1-api-d057b418-436a-4366-861d-f1875655160a]: BUSY"}}
[debug] [2024-09-10T13:50:01.517Z] Finishing up request with event=pause {"metadata":{"emulator":{"name":"functions"},"function":{"name":"us-central1-api"},"extension":{},"message":"Finishing up request with event=pause"}}
[info] i  functions: Finished "us-central1-api" in 469.788ms {"metadata":{"emulator":{"name":"functions"},"function":{"name":"us-central1-api"},"extension":{},"message":"Finished \"us-central1-api\" in 469.788ms"}}
[debug] [2024-09-10T13:50:01.521Z] [worker-us-central1-api-d057b418-436a-4366-861d-f1875655160a]: IDLE {"metadata":{"emulator":{"name":"functions"},"function":{"name":"us-central1-api"},"extension":{},"message":"[worker-us-central1-api-d057b418-436a-4366-861d-f1875655160a]: IDLE"}}
[debug] [2024-09-10T13:50:01.521Z] Finishing up request with event=finish {"metadata":{"emulator":{"name":"functions"},"function":{"name":"us-central1-api"},"extension":{},"message":"Finishing up request with event=finish"}}
[debug] [2024-09-10T13:50:01.521Z] Finishing up request with event=close {"metadata":{"emulator":{"name":"functions"},"function":{"name":"us-central1-api"},"extension":{},"message":"Finishing up request with event=close"}}
[debug] [2024-09-10T13:50:01.521Z] [work-queue] {"queuedWork":[],"queueLength":0,"runningWork":[],"workRunningCount":0}
[debug] [2024-09-10T13:54:45.227Z] [work-queue] {"queuedWork":["/e-clone-9f43d/us-central1/api/payment/create-2024-09-10T13:54:45.227Z"],"queueLength":1,"runningWork":[],"workRunningCount":0}
[debug] [2024-09-10T13:54:45.228Z] [work-queue] {"queuedWork":[],"queueLength":0,"runningWork":["/e-clone-9f43d/us-central1/api/payment/create-2024-09-10T13:54:45.227Z"],"workRunningCount":1}
[debug] [2024-09-10T13:54:45.228Z] Accepted request POST /e-clone-9f43d/us-central1/api/payment/create?total=78928 --> us-central1-api
[debug] [2024-09-10T13:54:45.232Z] [functions] Runtime ready! Sending request! {"metadata":{"emulator":{"name":"functions"},"message":"[functions] Runtime ready! Sending request!"}}
[debug] [2024-09-10T13:54:45.233Z] [functions] Got req.url=/e-clone-9f43d/us-central1/api/payment/create?total=78928, mapping to path=/payment/create?total=78928 {"metadata":{"emulator":{"name":"functions"},"message":"[functions] Got req.url=/e-clone-9f43d/us-central1/api/payment/create?total=78928, mapping to path=/payment/create?total=78928"}}
[debug] [2024-09-10T13:54:45.233Z] [worker-pool] submitRequest(triggerId=us-central1-api) {"metadata":{"emulator":{"name":"functions"},"message":"[worker-pool] submitRequest(triggerId=us-central1-api)"}}
[info] i  functions: Beginning execution of "us-central1-api" {"metadata":{"emulator":{"name":"functions"},"function":{"name":"us-central1-api"},"extension":{},"message":"Beginning execution of \"us-central1-api\""}}
[debug] [2024-09-10T13:54:45.234Z] [worker-us-central1-api-d057b418-436a-4366-861d-f1875655160a]: BUSY {"metadata":{"emulator":{"name":"functions"},"function":{"name":"us-central1-api"},"extension":{},"message":"[worker-us-central1-api-d057b418-436a-4366-861d-f1875655160a]: BUSY"}}
[debug] [2024-09-10T13:54:45.973Z] Finishing up request with event=pause {"metadata":{"emulator":{"name":"functions"},"function":{"name":"us-central1-api"},"extension":{},"message":"Finishing up request with event=pause"}}
[info] i  functions: Finished "us-central1-api" in 738.9811ms {"metadata":{"emulator":{"name":"functions"},"function":{"name":"us-central1-api"},"extension":{},"message":"Finished \"us-central1-api\" in 738.9811ms"}}
[debug] [2024-09-10T13:54:45.974Z] [worker-us-central1-api-d057b418-436a-4366-861d-f1875655160a]: IDLE {"metadata":{"emulator":{"name":"functions"},"function":{"name":"us-central1-api"},"extension":{},"message":"[worker-us-central1-api-d057b418-436a-4366-861d-f1875655160a]: IDLE"}}
[debug] [2024-09-10T13:54:45.975Z] Finishing up request with event=finish {"metadata":{"emulator":{"name":"functions"},"function":{"name":"us-central1-api"},"extension":{},"message":"Finishing up request with event=finish"}}
[debug] [2024-09-10T13:54:45.975Z] Finishing up request with event=close {"metadata":{"emulator":{"name":"functions"},"function":{"name":"us-central1-api"},"extension":{},"message":"Finishing up request with event=close"}}
[debug] [2024-09-10T13:54:45.975Z] [work-queue] {"queuedWork":[],"queueLength":0,"runningWork":[],"workRunningCount":0}
